<?xml version="1.0" encoding="UTF-8"?>
<!-- Generated by org.testng.reporters.JUnitReportReporter -->
<testsuite hostname="Air-Dima" failures="0" tests="1" name="ua.hillel.qaautojava.FirstTest" time="0.012" errors="0" timestamp="2023-09-24T11:02:40 PDT" skipped="0">
  <testcase classname="ua.hillel.qaautojava.FirstTest" name="makeSout" time="0.012"/>
</testsuite> <!-- ua.hillel.qaautojava.FirstTest -->
